Determining if the pthread_create exist failed with the following output:
Change Dir: /home/jonashaffky/Dokumente/Studium/Programmiersprachen/Übung/Übung3/programmiersprachen-aufgabe-3/build/CMakeFiles/CMakeTmp

Run Build Command:"/usr/bin/make" "cmTC_4adce/fast"
/usr/bin/make -f CMakeFiles/cmTC_4adce.dir/build.make CMakeFiles/cmTC_4adce.dir/build
make[1]: Verzeichnis „/home/jonashaffky/Dokumente/Studium/Programmiersprachen/Übung/Übung3/programmiersprachen-aufgabe-3/build/CMakeFiles/CMakeTmp“ wird betreten
Building C object CMakeFiles/cmTC_4adce.dir/CheckSymbolExists.c.o
/usr/bin/cc     -o CMakeFiles/cmTC_4adce.dir/CheckSymbolExists.c.o   -c /home/jonashaffky/Dokumente/Studium/Programmiersprachen/Übung/Übung3/programmiersprachen-aufgabe-3/build/CMakeFiles/CMakeTmp/CheckSymbolExists.c
Linking C executable cmTC_4adce
/usr/bin/cmake -E cmake_link_script CMakeFiles/cmTC_4adce.dir/link.txt --verbose=1
/usr/bin/cc       CMakeFiles/cmTC_4adce.dir/CheckSymbolExists.c.o  -o cmTC_4adce -rdynamic 
CMakeFiles/cmTC_4adce.dir/CheckSymbolExists.c.o: In Funktion `main':
CheckSymbolExists.c:(.text+0x16): Nicht definierter Verweis auf `pthread_create'
collect2: error: ld returned 1 exit status
CMakeFiles/cmTC_4adce.dir/build.make:97: die Regel für Ziel „cmTC_4adce“ scheiterte
make[1]: *** [cmTC_4adce] Fehler 1
make[1]: Verzeichnis „/home/jonashaffky/Dokumente/Studium/Programmiersprachen/Übung/Übung3/programmiersprachen-aufgabe-3/build/CMakeFiles/CMakeTmp“ wird verlassen
Makefile:126: die Regel für Ziel „cmTC_4adce/fast“ scheiterte
make: *** [cmTC_4adce/fast] Fehler 2

File /home/jonashaffky/Dokumente/Studium/Programmiersprachen/Übung/Übung3/programmiersprachen-aufgabe-3/build/CMakeFiles/CMakeTmp/CheckSymbolExists.c:
/* */
#include <pthread.h>

int main(int argc, char** argv)
{
  (void)argv;
#ifndef pthread_create
  return ((int*)(&pthread_create))[argc];
#else
  (void)argc;
  return 0;
#endif
}

Determining if the function pthread_create exists in the pthreads failed with the following output:
Change Dir: /home/jonashaffky/Dokumente/Studium/Programmiersprachen/Übung/Übung3/programmiersprachen-aufgabe-3/build/CMakeFiles/CMakeTmp

Run Build Command:"/usr/bin/make" "cmTC_a6437/fast"
/usr/bin/make -f CMakeFiles/cmTC_a6437.dir/build.make CMakeFiles/cmTC_a6437.dir/build
make[1]: Verzeichnis „/home/jonashaffky/Dokumente/Studium/Programmiersprachen/Übung/Übung3/programmiersprachen-aufgabe-3/build/CMakeFiles/CMakeTmp“ wird betreten
Building C object CMakeFiles/cmTC_a6437.dir/CheckFunctionExists.c.o
/usr/bin/cc    -DCHECK_FUNCTION_EXISTS=pthread_create   -o CMakeFiles/cmTC_a6437.dir/CheckFunctionExists.c.o   -c /usr/share/cmake-3.5/Modules/CheckFunctionExists.c
Linking C executable cmTC_a6437
/usr/bin/cmake -E cmake_link_script CMakeFiles/cmTC_a6437.dir/link.txt --verbose=1
/usr/bin/cc   -DCHECK_FUNCTION_EXISTS=pthread_create    CMakeFiles/cmTC_a6437.dir/CheckFunctionExists.c.o  -o cmTC_a6437 -rdynamic -lpthreads 
/usr/bin/ld: cannot find -lpthreads
collect2: error: ld returned 1 exit status
CMakeFiles/cmTC_a6437.dir/build.make:97: die Regel für Ziel „cmTC_a6437“ scheiterte
make[1]: *** [cmTC_a6437] Fehler 1
make[1]: Verzeichnis „/home/jonashaffky/Dokumente/Studium/Programmiersprachen/Übung/Übung3/programmiersprachen-aufgabe-3/build/CMakeFiles/CMakeTmp“ wird verlassen
Makefile:126: die Regel für Ziel „cmTC_a6437/fast“ scheiterte
make: *** [cmTC_a6437/fast] Fehler 2


